2021-03-20 17:28:10,247--INFO-Player Move:R
2021-03-20 17:28:10,265--INFO-Winner:Tie
2021-03-20 17:28:15,658--INFO-Player Move:P
2021-03-20 17:28:15,658--INFO-Winner:c
Player:0	Computer:1
2021-03-20 17:28:23,905--INFO-Player Move:R
2021-03-20 17:28:23,905--INFO-Winner:Tie
2021-03-20 17:28:36,605--INFO-Player Move:S
2021-03-20 17:28:36,605--INFO-Winner:c
Player:0	Computer:2
2021-03-20 17:34:01,386--INFO-Player Move:R
2021-03-20 17:34:01,402--INFO-Winner:Tie
---------------------------------------------------


2021-03-20 17:34:07,708--INFO-Player Move:P
2021-03-20 17:34:07,708--INFO-Winner:Tie
---------------------------------------------------


2021-03-20 17:34:10,716--INFO-Player Move:R
2021-03-20 17:39:44,933--INFO-Player Move:R
2021-03-20 17:39:44,933--INFO-Winner:c
Player:0	Computer:1
--------------------------------------------------------------------


2021-03-20 17:39:50,604--INFO-Player Move:P
2021-03-20 17:39:50,604--INFO-Winner:Tie
---------------------------------------------------


2021-03-20 17:39:53,699--INFO-Player Move:S
2021-03-20 17:40:00,756--INFO-Player Move:R
2021-03-20 17:40:00,771--INFO-Winner:c
Player:1	Computer:2
--------------------------------------------------------------------


2021-03-20 17:43:12,913--INFO-Player Move:R
2021-03-20 17:43:12,929--INFO-Winner:c
Player:0	Computer:1
--------------------------------------------------------------------


2021-03-20 17:43:15,220--INFO-Player Move:P
2021-03-20 17:43:15,220--INFO-Winner:Tie
---------------------------------------------------


2021-03-20 17:43:17,917--INFO-Player Move:R
2021-03-20 17:43:17,917--INFO-Winner:c
Player:0	Computer:2
--------------------------------------------------------------------


2021-03-20 17:43:19,807--INFO-Player Move:S
2021-03-20 17:43:19,823--INFO-Winner:p
Player:1	Computer:2
--------------------------------------------------------------------


2021-03-20 17:43:21,843--INFO-Player Move:R
2021-03-20 17:43:21,859--INFO-Winner:p
Player:2	Computer:2
--------------------------------------------------------------------


2021-03-20 17:43:24,420--INFO-Player Move:P
2021-03-20 17:43:24,436--INFO-Winner:c
Player:2	Computer:3
--------------------------------------------------------------------


2021-03-20 17:43:26,998--INFO-Game Ended
2021-03-20 17:43:26,998--INFO-		Final Score
Player:2	Computer:3
2021-03-20 17:43:35,744--INFO-Game Ended
2021-03-20 17:43:35,744--INFO-		Final Score
Player:2	Computer:3
2021-04-15 12:35:17,667--INFO-Player Move:R
2021-04-15 12:35:17,668--INFO-Winner:p
Player:1	Computer:0
--------------------------------------------------------------------


2021-04-15 12:35:20,955--INFO-Player Move:P
2021-04-15 12:35:20,956--INFO-Winner:Tie
---------------------------------------------------


2021-04-15 12:35:22,995--INFO-Player Move:R
2021-04-15 12:35:22,995--INFO-Winner:Tie
---------------------------------------------------


2021-04-15 12:35:25,388--INFO-Player Move:S
2021-04-15 12:35:25,388--INFO-Winner:p
Player:2	Computer:0
--------------------------------------------------------------------


2021-04-15 12:35:27,763--INFO-Player Move:R
2021-04-15 12:35:27,764--INFO-Winner:c
Player:2	Computer:1
--------------------------------------------------------------------


2021-04-15 12:35:29,938--INFO-Player Move:P
2021-04-15 12:35:29,940--INFO-Winner:c
Player:2	Computer:2
--------------------------------------------------------------------


2021-04-15 12:35:31,884--INFO-Game Ended
2021-04-15 12:35:31,884--INFO-Final Score
Player:2	Computer:2
2021-04-15 12:35:34,371--INFO-Game Ended
2021-04-15 12:35:34,371--INFO-Final Score
Player:2	Computer:2
2021-04-15 12:35:37,130--INFO-Game Ended
2021-04-15 12:35:37,131--INFO-Final Score
Player:2	Computer:2
2021-04-15 12:35:39,875--INFO-Game Ended
2021-04-15 12:35:39,875--INFO-Final Score
Player:2	Computer:2
2021-04-15 12:40:32,027--INFO-Player Move:R
2021-04-15 12:40:32,029--INFO-Winner:c
Player:0	Computer:1
--------------------------------------------------------------------


2021-04-15 12:40:34,038--INFO-Player Move:P
2021-04-15 12:40:34,045--INFO-Winner:Tie
---------------------------------------------------


2021-04-15 12:40:35,546--INFO-Player Move:P
2021-04-15 12:40:35,548--INFO-Winner:p
Player:1	Computer:1
--------------------------------------------------------------------


2021-04-15 12:40:36,980--INFO-Player Move:R
2021-04-15 12:40:36,987--INFO-Winner:c
Player:1	Computer:2
--------------------------------------------------------------------


2021-04-15 12:40:39,006--INFO-Player Move:P
2021-04-15 12:40:39,011--INFO-Winner:p
Player:2	Computer:2
--------------------------------------------------------------------


2021-04-15 12:40:40,445--INFO-Player Move:R
2021-04-15 12:40:40,453--INFO-Winner:p
Player:3	Computer:2
--------------------------------------------------------------------


2021-04-15 12:40:42,405--INFO-Game Ended
2021-04-15 12:40:42,407--INFO-Final Score
Player:3	Computer:2
2021-04-15 12:40:43,868--INFO-Game Ended
2021-04-15 12:40:43,870--INFO-Final Score
Player:3	Computer:2
2021-04-15 12:40:46,084--INFO-Game Ended
2021-04-15 12:40:46,086--INFO-Final Score
Player:3	Computer:2
2021-04-15 12:40:48,370--INFO-Game Ended
2021-04-15 12:40:48,370--INFO-Final Score
Player:3	Computer:2
2021-04-15 12:40:50,693--INFO-Game Ended
2021-04-15 12:40:50,696--INFO-Final Score
Player:3	Computer:2
2021-04-15 12:42:34,229--INFO-Player Move:R
2021-04-15 12:42:34,237--INFO-Winner:c
Player:0	Computer:1
--------------------------------------------------------------------


2021-04-15 12:42:35,502--INFO-Player Move:P
2021-04-15 12:42:35,510--INFO-Winner:p
Player:1	Computer:1
--------------------------------------------------------------------


2021-04-15 12:42:36,564--INFO-Player Move:R
2021-04-15 12:42:36,573--INFO-Winner:Tie
---------------------------------------------------


2021-04-15 12:42:38,228--INFO-Player Move:P
2021-04-15 12:42:38,238--INFO-Winner:c
Player:1	Computer:2
--------------------------------------------------------------------


2021-04-15 12:42:39,766--INFO-Player Move:S
2021-04-15 12:42:39,771--INFO-Winner:Tie
---------------------------------------------------


2021-04-15 12:42:41,437--INFO-Player Move:R
2021-04-15 12:42:41,444--INFO-Winner:c
Player:1	Computer:3
--------------------------------------------------------------------


2021-04-15 12:42:42,917--INFO-Game Ended
2021-04-15 12:42:42,918--INFO-Final Score
Player:1	Computer:3
2021-04-15 12:42:44,420--INFO-Game Ended
2021-04-15 12:42:44,423--INFO-Final Score
Player:1	Computer:3
2021-04-15 12:43:53,924--INFO-Player Move:R
2021-04-15 12:43:53,933--INFO-Winner:c
Player:0	Computer:1
--------------------------------------------------------------------


2021-04-15 12:43:55,350--INFO-Player Move:P
2021-04-15 12:43:55,357--INFO-Winner:c
Player:0	Computer:2
--------------------------------------------------------------------


2021-04-15 12:43:56,933--INFO-Player Move:R
2021-04-15 12:43:56,944--INFO-Winner:p
Player:1	Computer:2
--------------------------------------------------------------------


2021-04-15 12:43:58,493--INFO-Player Move:P
2021-04-15 12:43:58,498--INFO-Winner:p
Player:2	Computer:2
--------------------------------------------------------------------


2021-04-15 12:44:00,661--INFO-Player Move:R
2021-04-15 12:44:00,668--INFO-Winner:p
Player:3	Computer:2
--------------------------------------------------------------------


2021-04-15 12:44:02,933--INFO-Player Move:S
2021-04-15 12:44:02,941--INFO-Winner:Tie
---------------------------------------------------


2021-04-15 12:44:08,406--INFO-Player Move:R
2021-04-15 12:44:08,409--INFO-Winner:c
Player:0	Computer:1
--------------------------------------------------------------------


