2021-03-20 17:28:10,247--INFO-Player Move:R
2021-03-20 17:28:10,265--INFO-Winner:Tie
2021-03-20 17:28:15,658--INFO-Player Move:P
2021-03-20 17:28:15,658--INFO-Winner:c
Player:0	Computer:1
2021-03-20 17:28:23,905--INFO-Player Move:R
2021-03-20 17:28:23,905--INFO-Winner:Tie
2021-03-20 17:28:36,605--INFO-Player Move:S
2021-03-20 17:28:36,605--INFO-Winner:c
Player:0	Computer:2
2021-03-20 17:34:01,386--INFO-Player Move:R
2021-03-20 17:34:01,402--INFO-Winner:Tie
---------------------------------------------------


2021-03-20 17:34:07,708--INFO-Player Move:P
2021-03-20 17:34:07,708--INFO-Winner:Tie
---------------------------------------------------


2021-03-20 17:34:10,716--INFO-Player Move:R
2021-03-20 17:39:44,933--INFO-Player Move:R
2021-03-20 17:39:44,933--INFO-Winner:c
Player:0	Computer:1
--------------------------------------------------------------------


2021-03-20 17:39:50,604--INFO-Player Move:P
2021-03-20 17:39:50,604--INFO-Winner:Tie
---------------------------------------------------


2021-03-20 17:39:53,699--INFO-Player Move:S
2021-03-20 17:40:00,756--INFO-Player Move:R
2021-03-20 17:40:00,771--INFO-Winner:c
Player:1	Computer:2
--------------------------------------------------------------------


2021-03-20 17:43:12,913--INFO-Player Move:R
2021-03-20 17:43:12,929--INFO-Winner:c
Player:0	Computer:1
--------------------------------------------------------------------


2021-03-20 17:43:15,220--INFO-Player Move:P
2021-03-20 17:43:15,220--INFO-Winner:Tie
---------------------------------------------------


2021-03-20 17:43:17,917--INFO-Player Move:R
2021-03-20 17:43:17,917--INFO-Winner:c
Player:0	Computer:2
--------------------------------------------------------------------


2021-03-20 17:43:19,807--INFO-Player Move:S
2021-03-20 17:43:19,823--INFO-Winner:p
Player:1	Computer:2
--------------------------------------------------------------------


2021-03-20 17:43:21,843--INFO-Player Move:R
2021-03-20 17:43:21,859--INFO-Winner:p
Player:2	Computer:2
--------------------------------------------------------------------


2021-03-20 17:43:24,420--INFO-Player Move:P
2021-03-20 17:43:24,436--INFO-Winner:c
Player:2	Computer:3
--------------------------------------------------------------------


2021-03-20 17:43:26,998--INFO-Game Ended
2021-03-20 17:43:26,998--INFO-		Final Score
Player:2	Computer:3
2021-03-20 17:43:35,744--INFO-Game Ended
2021-03-20 17:43:35,744--INFO-		Final Score
Player:2	Computer:3
