2021-03-26 20:52:44,082-INFO-Player Move:P
2021-03-26 20:52:44,083-INFO-Winner:Tie
---------------------------------------------------


2021-03-26 20:53:08,292-INFO-Player Move:R
2021-03-26 20:53:08,292-INFO-Winner:Tie
---------------------------------------------------


2021-03-26 20:53:10,463-INFO-Player Move:R
2021-03-26 20:53:10,464-INFO-Winner:p
Player:1	Computer:0
--------------------------------------------------------------------


2021-03-26 20:53:11,525-INFO-Player Move:R
2021-03-26 20:53:11,525-INFO-Winner:Tie
---------------------------------------------------


2021-03-26 20:53:12,488-INFO-Player Move:R
2021-03-26 20:53:12,489-INFO-Winner:p
Player:2	Computer:0
--------------------------------------------------------------------


2021-03-26 20:53:13,471-INFO-Player Move:R
2021-03-26 20:53:13,472-INFO-Winner:p
Player:3	Computer:0
--------------------------------------------------------------------


2021-03-26 20:53:14,474-INFO-Player Move:R
2021-03-26 20:53:14,476-INFO-Winner:Tie
---------------------------------------------------


